[debug] [2023-04-09T18:18:28.796Z] ----------------------------------------------------------------------
[debug] [2023-04-09T18:18:28.800Z] Command:       C:\Program Files\nodejs\node.exe C:\Users\Ujjwal\AppData\Roaming\npm\node_modules\firebase-tools\lib\bin\firebase.js init
[debug] [2023-04-09T18:18:28.801Z] CLI Version:   11.25.3
[debug] [2023-04-09T18:18:28.802Z] Platform:      win32
[debug] [2023-04-09T18:18:28.802Z] Node Version:  v18.12.1
[debug] [2023-04-09T18:18:28.804Z] Time:          Sun Apr 09 2023 23:48:28 GMT+0530 (India Standard Time)
[debug] [2023-04-09T18:18:28.805Z] ----------------------------------------------------------------------
[debug] 
[debug] [2023-04-09T18:18:28.822Z] > command requires scopes: ["email","openid","https://www.googleapis.com/auth/cloudplatformprojects.readonly","https://www.googleapis.com/auth/firebase","https://www.googleapis.com/auth/cloud-platform"]
[debug] [2023-04-09T18:18:28.823Z] > authorizing via signed-in user (ujjwalrsanagapati@gmail.com)
[info] 
     ######## #### ########  ######## ########     ###     ######  ########
     ##        ##  ##     ## ##       ##     ##  ##   ##  ##       ##
     ######    ##  ########  ######   ########  #########  ######  ######
     ##        ##  ##    ##  ##       ##     ## ##     ##       ## ##
     ##       #### ##     ## ######## ########  ##     ##  ######  ########

You're about to initialize a Firebase project in this directory:

  F:\Start\portfolio

[info] 
=== Project Setup
[info] 
[info] First, let's associate this project directory with a Firebase project.
[info] You can create multiple project aliases by running firebase use --add, 
[info] but for now we'll just set up a default project.
[info] 
[debug] [2023-04-09T18:18:41.108Z] > refreshing access token with scopes: []
[debug] [2023-04-09T18:18:41.114Z] >>> [apiv2][query] POST https://www.googleapis.com/oauth2/v3/token [none]
[debug] [2023-04-09T18:18:41.114Z] >>> [apiv2][body] POST https://www.googleapis.com/oauth2/v3/token [omitted]
[debug] [2023-04-09T18:18:41.626Z] <<< [apiv2][status] POST https://www.googleapis.com/oauth2/v3/token 200
[debug] [2023-04-09T18:18:41.626Z] <<< [apiv2][body] POST https://www.googleapis.com/oauth2/v3/token [omitted]
[debug] [2023-04-09T18:18:41.677Z] >>> [apiv2][query] GET https://firebase.googleapis.com/v1beta1/projects pageSize=100
[debug] [2023-04-09T18:18:42.776Z] <<< [apiv2][status] GET https://firebase.googleapis.com/v1beta1/projects 200
[debug] [2023-04-09T18:18:42.776Z] <<< [apiv2][body] GET https://firebase.googleapis.com/v1beta1/projects [omitted]
[info] i  Using project portfolio-41e54 (Portfolio) 
[info] 
=== Database Setup
[info] i  database: ensuring required API firebasedatabase.googleapis.com is enabled... 
[debug] [2023-04-09T18:18:46.529Z] >>> [apiv2][query] GET https://serviceusage.googleapis.com/v1/projects/portfolio-41e54/services/firebasedatabase.googleapis.com [none]
[debug] [2023-04-09T18:18:46.529Z] >>> [apiv2][(partial)header] GET https://serviceusage.googleapis.com/v1/projects/portfolio-41e54/services/firebasedatabase.googleapis.com x-goog-quota-user=projects/portfolio-41e54
[debug] [2023-04-09T18:18:49.152Z] <<< [apiv2][status] GET https://serviceusage.googleapis.com/v1/projects/portfolio-41e54/services/firebasedatabase.googleapis.com 200
[debug] [2023-04-09T18:18:49.153Z] <<< [apiv2][body] GET https://serviceusage.googleapis.com/v1/projects/portfolio-41e54/services/firebasedatabase.googleapis.com [omitted]
[warn] !  database: missing required API firebasedatabase.googleapis.com. Enabling now... 
[debug] [2023-04-09T18:18:49.155Z] >>> [apiv2][query] POST https://serviceusage.googleapis.com/v1/projects/portfolio-41e54/services/firebasedatabase.googleapis.com:enable [none]
[debug] [2023-04-09T18:18:49.155Z] >>> [apiv2][(partial)header] POST https://serviceusage.googleapis.com/v1/projects/portfolio-41e54/services/firebasedatabase.googleapis.com:enable x-goog-quota-user=projects/portfolio-41e54
[debug] [2023-04-09T18:18:51.404Z] <<< [apiv2][status] POST https://serviceusage.googleapis.com/v1/projects/portfolio-41e54/services/firebasedatabase.googleapis.com:enable 200
[debug] [2023-04-09T18:18:51.405Z] <<< [apiv2][body] POST https://serviceusage.googleapis.com/v1/projects/portfolio-41e54/services/firebasedatabase.googleapis.com:enable [omitted]
[debug] [2023-04-09T18:19:01.420Z] >>> [apiv2][query] GET https://serviceusage.googleapis.com/v1/projects/portfolio-41e54/services/firebasedatabase.googleapis.com [none]
[debug] [2023-04-09T18:19:01.421Z] >>> [apiv2][(partial)header] GET https://serviceusage.googleapis.com/v1/projects/portfolio-41e54/services/firebasedatabase.googleapis.com x-goog-quota-user=projects/portfolio-41e54
[debug] [2023-04-09T18:19:03.693Z] <<< [apiv2][status] GET https://serviceusage.googleapis.com/v1/projects/portfolio-41e54/services/firebasedatabase.googleapis.com 200
[debug] [2023-04-09T18:19:03.693Z] <<< [apiv2][body] GET https://serviceusage.googleapis.com/v1/projects/portfolio-41e54/services/firebasedatabase.googleapis.com [omitted]
[info] +  database: required API firebasedatabase.googleapis.com is enabled 
[info] 
[debug] [2023-04-09T18:19:03.705Z] >>> [apiv2][query] GET https://firebase.googleapis.com/v1beta1/projects/portfolio-41e54 [none]
[debug] [2023-04-09T18:19:04.411Z] <<< [apiv2][status] GET https://firebase.googleapis.com/v1beta1/projects/portfolio-41e54 200
[debug] [2023-04-09T18:19:04.412Z] <<< [apiv2][body] GET https://firebase.googleapis.com/v1beta1/projects/portfolio-41e54 {"projectId":"portfolio-41e54","projectNumber":"555494534602","displayName":"Portfolio","name":"projects/portfolio-41e54","resources":{"hostingSite":"portfolio-41e54"},"state":"ACTIVE","etag":"1_59b71e56-6150-4deb-9614-1fb4c75be441"}
[debug] [2023-04-09T18:19:24.281Z] >>> [apiv2][query] POST https://firebasedatabase.googleapis.com/v1beta/projects/portfolio-41e54/locations/asia-southeast1/instances databaseId=portfolio-41e54-default-rtdb&validateOnly=true
[debug] [2023-04-09T18:19:24.281Z] >>> [apiv2][body] POST https://firebasedatabase.googleapis.com/v1beta/projects/portfolio-41e54/locations/asia-southeast1/instances {"type":"default_database"}
[debug] [2023-04-09T18:19:25.496Z] <<< [apiv2][status] POST https://firebasedatabase.googleapis.com/v1beta/projects/portfolio-41e54/locations/asia-southeast1/instances 200
[debug] [2023-04-09T18:19:25.497Z] <<< [apiv2][body] POST https://firebasedatabase.googleapis.com/v1beta/projects/portfolio-41e54/locations/asia-southeast1/instances {"name":"projects/555494534602/locations/asia-southeast1/instances/portfolio-41e54-default-rtdb","project":"projects/555494534602","databaseUrl":"https://portfolio-41e54-default-rtdb.asia-southeast1.firebasedatabase.app","type":"DEFAULT_DATABASE","state":"ACTIVE"}
[debug] [2023-04-09T18:19:25.500Z] >>> [apiv2][query] POST https://firebasedatabase.googleapis.com/v1beta/projects/portfolio-41e54/locations/asia-southeast1/instances databaseId=portfolio-41e54-default-rtdb
[debug] [2023-04-09T18:19:25.500Z] >>> [apiv2][body] POST https://firebasedatabase.googleapis.com/v1beta/projects/portfolio-41e54/locations/asia-southeast1/instances {"type":"default_database"}
[debug] [2023-04-09T18:19:26.832Z] <<< [apiv2][status] POST https://firebasedatabase.googleapis.com/v1beta/projects/portfolio-41e54/locations/asia-southeast1/instances 200
[debug] [2023-04-09T18:19:26.832Z] <<< [apiv2][body] POST https://firebasedatabase.googleapis.com/v1beta/projects/portfolio-41e54/locations/asia-southeast1/instances {"name":"projects/555494534602/locations/asia-southeast1/instances/portfolio-41e54-default-rtdb","project":"projects/555494534602","databaseUrl":"https://portfolio-41e54-default-rtdb.asia-southeast1.firebasedatabase.app","type":"DEFAULT_DATABASE","state":"ACTIVE"}
[info] 
[info] Firebase Realtime Database Security Rules allow you to define how your data should be
[info] structured and when your data can be read from and written to.
[info] 
[debug] [2023-04-09T18:19:28.980Z] >>> [apiv2][query] GET https://portfolio-41e54-default-rtdb.asia-southeast1.firebasedatabase.app/.settings/rules.json [none]
[debug] [2023-04-09T18:19:31.751Z] <<< [apiv2][status] GET https://portfolio-41e54-default-rtdb.asia-southeast1.firebasedatabase.app/.settings/rules.json 200
[debug] [2023-04-09T18:19:31.751Z] <<< [apiv2][body] GET https://portfolio-41e54-default-rtdb.asia-southeast1.firebasedatabase.app/.settings/rules.json [stream]
[info] +  Database Rules for portfolio-41e54-default-rtdb have been written to database.rules.json. 
[info] Future modifications to database.rules.json will update Realtime Database Security Rules when you run
[info] firebase deploy.
[info] 
=== Hosting Setup
[info] 
[info] Your public directory is the folder (relative to your project directory) that
[info] will contain Hosting assets to be uploaded with firebase deploy. If you
[info] have a build process for your assets, use your build's output directory.
[info] 
[debug] [2023-04-09T18:19:45.419Z] >>> [apiv2][query] GET https://www.gstatic.com/firebasejs/releases.json [none]
[debug] [2023-04-09T18:19:45.982Z] <<< [apiv2][status] GET https://www.gstatic.com/firebasejs/releases.json 200
[debug] [2023-04-09T18:19:45.983Z] <<< [apiv2][body] GET https://www.gstatic.com/firebasejs/releases.json {"current":{"version":"9.19.1","browserURL":"https://www.gstatic.com/firebasejs/9.19.1/firebase.js","packageURL":"https://www.gstatic.com/firebasejs/9.19.1/firebase.tgz"},"live":{"version":"9.19","browserURL":"https://www.gstatic.com/firebasejs/live/9.19/firebase.js","packageURL":"https://www.gstatic.com/firebasejs/live/9.19/firebase.tgz"},"components":{"analytics":"https://www.gstatic.com/firebasejs/9.19.1/firebase-analytics.js","app":"https://www.gstatic.com/firebasejs/9.19.1/firebase-app.js","app-check":"https://www.gstatic.com/firebasejs/9.19.1/firebase-app-check.js","auth":"https://www.gstatic.com/firebasejs/9.19.1/firebase-auth.js","auth/cordova":"https://www.gstatic.com/firebasejs/9.19.1/firebase-auth/cordova.js","auth/react-native":"https://www.gstatic.com/firebasejs/9.19.1/firebase-auth/react-native.js","functions":"https://www.gstatic.com/firebasejs/9.19.1/firebase-functions.js","firestore":"https://www.gstatic.com/firebasejs/9.19.1/firebase-firestore.js","firestore/lite":"https://www.gstatic.com/firebasejs/9.19.1/firebase-firestore/lite.js","installations":"https://www.gstatic.com/firebasejs/9.19.1/firebase-installations.js","storage":"https://www.gstatic.com/firebasejs/9.19.1/firebase-storage.js","performance":"https://www.gstatic.com/firebasejs/9.19.1/firebase-performance.js","remote-config":"https://www.gstatic.com/firebasejs/9.19.1/firebase-remote-config.js","messaging":"https://www.gstatic.com/firebasejs/9.19.1/firebase-messaging.js","messaging/sw":"https://www.gstatic.com/firebasejs/9.19.1/firebase-messaging/sw.js","database":"https://www.gstatic.com/firebasejs/9.19.1/firebase-database.js","firestore.memory":"https://www.gstatic.com/firebasejs/9.19.1/firebase-firestore.memory.js"}}
[info] +  Wrote public/index.html 
[info] 
[info] i  Detected a .git folder at F:\Start\portfolio 
[info] i  Authorizing with GitHub to upload your service account to a GitHub repository's secrets store. 
[info] 
[info] Visit this URL on this device to log in:
[info] https://github.com/login/oauth/authorize?client_id=89cf50f02ac6aaed3484&state=819092115&redirect_uri=http%3A%2F%2Flocalhost%3A9005&scope=read%3Auser%20repo%20public_repo
[info] 
[info] Waiting for authentication...
[debug] [2023-04-09T18:19:47.252Z] >>> [apiv2][query] POST https://github.com/login/oauth/access_token [none]
[debug] [2023-04-09T18:19:47.252Z] >>> [apiv2][body] POST https://github.com/login/oauth/access_token [stream]
[debug] [2023-04-09T18:19:48.101Z] <<< [apiv2][status] POST https://github.com/login/oauth/access_token 200
[debug] [2023-04-09T18:19:48.102Z] <<< [apiv2][body] POST https://github.com/login/oauth/access_token {"access_token":"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","token_type":"bearer","scope":"read:user,repo"}
[debug] [2023-04-09T18:19:48.147Z] >>> [apiv2][query] GET https://api.github.com/user [none]
[debug] [2023-04-09T18:19:48.850Z] <<< [apiv2][status] GET https://api.github.com/user 200
[debug] [2023-04-09T18:19:48.850Z] <<< [apiv2][body] GET https://api.github.com/user {"login":"ujjwalr-y20cs161","id":95554295,"node_id":"U_kgDOBbIK9w","avatar_url":"https://avatars.githubusercontent.com/u/95554295?v=4","gravatar_id":"","url":"https://api.github.com/users/ujjwalr-y20cs161","html_url":"https://github.com/ujjwalr-y20cs161","followers_url":"https://api.github.com/users/ujjwalr-y20cs161/followers","following_url":"https://api.github.com/users/ujjwalr-y20cs161/following{/other_user}","gists_url":"https://api.github.com/users/ujjwalr-y20cs161/gists{/gist_id}","starred_url":"https://api.github.com/users/ujjwalr-y20cs161/starred{/owner}{/repo}","subscriptions_url":"https://api.github.com/users/ujjwalr-y20cs161/subscriptions","organizations_url":"https://api.github.com/users/ujjwalr-y20cs161/orgs","repos_url":"https://api.github.com/users/ujjwalr-y20cs161/repos","events_url":"https://api.github.com/users/ujjwalr-y20cs161/events{/privacy}","received_events_url":"https://api.github.com/users/ujjwalr-y20cs161/received_events","type":"User","site_admin":false,"name":"Ujjwal R Sanagapti","company":null,"blog":"","location":null,"email":null,"hireable":null,"bio":null,"twitter_username":null,"public_repos":16,"public_gists":0,"followers":1,"following":2,"created_at":"2021-12-05T02:01:20Z","updated_at":"2023-04-09T13:46:22Z","private_gists":0,"total_private_repos":0,"owned_private_repos":0,"disk_usage":6369,"collaborators":0,"two_factor_authentication":false,"plan":{"name":"pro","space":976562499,"collaborators":0,"private_repos":9999}}
[info] 
[info] +  Success! Logged into GitHub as ujjwalr-y20cs161 
[info] 
